Mon Jan 21 2019 17:39:59 GMT+0800 (Taipei Standard Time): GET /about
Mon Jan 21 2019 17:40:07 GMT+0800 (Taipei Standard Time): GET /
Mon Jan 21 2019 17:46:01 GMT+0800 (Taipei Standard Time): GET /
Mon Jan 21 2019 17:46:31 GMT+0800 (Taipei Standard Time): GET /
Mon Jan 21 2019 17:46:44 GMT+0800 (Taipei Standard Time): GET /
Mon Jan 21 2019 17:46:51 GMT+0800 (Taipei Standard Time): GET /
Mon Jan 21 2019 17:46:55 GMT+0800 (Taipei Standard Time): GET /about
Mon Jan 21 2019 17:48:15 GMT+0800 (Taipei Standard Time): GET /about
Mon Jan 21 2019 17:48:18 GMT+0800 (Taipei Standard Time): GET /
Mon Jan 21 2019 17:48:23 GMT+0800 (Taipei Standard Time): GET /help.html
Mon Jan 21 2019 17:48:29 GMT+0800 (Taipei Standard Time): GET /
Mon Jan 21 2019 18:16:20 GMT+0800 (Taipei Standard Time): GET /
Mon Jan 21 2019 18:16:21 GMT+0800 (Taipei Standard Time): GET /
Mon Jan 21 2019 19:11:43 GMT+0800 (Taipei Standard Time): GET /
Wed Jan 23 2019 14:45:52 GMT+0800 (Taipei Standard Time): GET /
Wed Jan 23 2019 14:45:56 GMT+0800 (Taipei Standard Time): GET /favicon.ico
Wed Jan 23 2019 14:46:27 GMT+0800 (Taipei Standard Time): GET /
Wed Jan 23 2019 14:46:27 GMT+0800 (Taipei Standard Time): GET /favicon.ico
Wed Jan 23 2019 14:46:29 GMT+0800 (Taipei Standard Time): GET /
Wed Jan 23 2019 14:46:29 GMT+0800 (Taipei Standard Time): GET /favicon.ico
Wed Jan 23 2019 14:47:12 GMT+0800 (Taipei Standard Time): GET /
Wed Jan 23 2019 14:47:12 GMT+0800 (Taipei Standard Time): GET /favicon.ico
Wed Jan 23 2019 14:47:30 GMT+0800 (Taipei Standard Time): GET /projects
Wed Jan 23 2019 14:47:32 GMT+0800 (Taipei Standard Time): GET /projects
Wed Jan 23 2019 14:47:35 GMT+0800 (Taipei Standard Time): GET /about
Wed Jan 23 2019 14:47:36 GMT+0800 (Taipei Standard Time): GET /
Wed Jan 23 2019 14:47:37 GMT+0800 (Taipei Standard Time): GET /projects
Wed Jan 23 2019 14:47:59 GMT+0800 (Taipei Standard Time): GET /projects
Wed Jan 23 2019 14:48:24 GMT+0800 (Taipei Standard Time): GET /projects
Wed Jan 23 2019 14:48:26 GMT+0800 (Taipei Standard Time): GET /about
Wed Jan 23 2019 14:48:26 GMT+0800 (Taipei Standard Time): GET /
Wed Jan 23 2019 14:48:27 GMT+0800 (Taipei Standard Time): GET /about
Wed Jan 23 2019 14:48:28 GMT+0800 (Taipei Standard Time): GET /projects
Wed Jan 23 2019 14:48:29 GMT+0800 (Taipei Standard Time): GET /
